src/routes/summaries.ts(26,36): error TS2769: No overload matches this call.
  The last overload gave the following error.
    Argument of type '{ userId: string; platform: string; title: string; summaryText: string; url: string; workspaceId: string | undefined; tags: string[]; createdAt: Date; }' is not assignable to parameter of type '{ userId?: ObjectIdQueryTypeCasting; platform?: StringQueryTypeCasting; title?: StringQueryTypeCasting; ... 63 more ...; validateSync?: { ...; }; }' with 'exactOptionalPropertyTypes: true'. Consider adding 'undefined' to the types of the target's properties.
      Types of property 'workspaceId' are incompatible.
        Type 'string | undefined' is not assignable to type 'ObjectIdQueryTypeCasting'.
          Type 'undefined' is not assignable to type 'ObjectIdQueryTypeCasting'.
src/routes/summaries.ts(37,34): error TS2339: Property 'id' does not exist on type 'never'.
src/routes/tags.ts(19,34): error TS2769: No overload matches this call.
  The last overload gave the following error.
    Argument of type '{ userId: string; name: string; color: string | undefined; }' is not assignable to parameter of type '{ userId?: ObjectIdQueryTypeCasting; name?: StringQueryTypeCasting; color?: StringQueryTypeCasting; createdAt?: DateQueryTypeCasting; ... 58 more ...; validateSync?: { ...; }; }' with 'exactOptionalPropertyTypes: true'. Consider adding 'undefined' to the types of the target's properties.
      Types of property 'color' are incompatible.
        Type 'string | undefined' is not assignable to type 'StringQueryTypeCasting'.
          Type 'undefined' is not assignable to type 'StringQueryTypeCasting'.
src/routes/tags.ts(24,36): error TS2339: Property 'id' does not exist on type 'never'.
src/routes/tags.ts(24,50): error TS2339: Property 'name' does not exist on type 'never'.
src/routes/tags.ts(24,67): error TS2339: Property 'color' does not exist on type 'never'.
src/routes/workspaces.ts(24,40): error TS2769: No overload matches this call.
  The last overload gave the following error.
    Argument of type '{ userId: string; name: string; description: string | undefined; tags: string[]; }' is not assignable to parameter of type '{ userId?: ObjectIdQueryTypeCasting; name?: StringQueryTypeCasting; description?: StringQueryTypeCasting; ... 60 more ...; validateSync?: { ...; }; }' with 'exactOptionalPropertyTypes: true'. Consider adding 'undefined' to the types of the target's properties.
      Types of property 'description' are incompatible.
        Type 'string | undefined' is not assignable to type 'StringQueryTypeCasting'.
          Type 'undefined' is not assignable to type 'StringQueryTypeCasting'.
src/routes/workspaces.ts(32,15): error TS2339: Property 'id' does not exist on type 'never'.
src/routes/workspaces.ts(33,17): error TS2339: Property 'name' does not exist on type 'never'.
src/routes/workspaces.ts(34,24): error TS2339: Property 'description' does not exist on type 'never'.
src/routes/workspaces.ts(35,17): error TS2339: Property 'tags' does not exist on type 'never'.
